<?xml version="1.0" encoding="UTF-8"?>
<!-- Generated by org.testng.reporters.JUnitXMLReporter -->
<testsuite ignored="0" hostname="MUM-LAP-409" failures="4" tests="8" name="Test5" time="126.048" errors="0" timestamp="19 Aug 2019 12:44:52 GMT">
  <testcase classname="com.assure.qa.testcases.AbandonedVehiclesPopUpTest" name="isAbandonedVehiclesPopUpElementsDisplayedAndEnabled" time="10.03"/>
  <testcase classname="com.assure.qa.testcases.AbandonedVehiclesPopUpTest" name="selectAbandonedVehiclesType" time="29.723"/>
  <testcase classname="com.assure.qa.testcases.LoginPageTest" name="loginPageTitleTest" time="0.023"/>
  <testcase classname="com.assure.qa.testcases.LoginPageTest" name="isAssureElementsDisplayedAndEnabled" time="0.769"/>
  <testcase classname="com.assure.qa.testcases.LoginPageTest" name="VerifyloginSuccessfulTest" time="0.035">
    <failure type="java.lang.IllegalArgumentException" message="Keys to send should be a not null CharSequence">
      <![CDATA[java.lang.IllegalArgumentException: Keys to send should be a not null CharSequence
at org.openqa.selenium.remote.RemoteWebElement.sendKeys(RemoteWebElement.java:97)
at org.openqa.selenium.support.events.EventFiringWebDriver$EventFiringWebElement.lambda$new$0(EventFiringWebDriver.java:404)
at com.sun.proxy.$Proxy17.sendKeys(Unknown Source)
at org.openqa.selenium.support.events.EventFiringWebDriver$EventFiringWebElement.sendKeys(EventFiringWebDriver.java:429)
at org.openqa.selenium.support.pagefactory.internal.LocatingElementHandler.invoke(LocatingElementHandler.java:51)
at com.sun.proxy.$Proxy15.sendKeys(Unknown Source)
at com.assure.qa.pages.LoginPage.LoginSuccessfull(LoginPage.java:130)
at com.assure.qa.testcases.LoginPageTest.VerifyloginSuccessfulTest(LoginPageTest.java:82)
... Removed 33 stack frames]]>
    </failure>
  </testcase> <!-- VerifyloginSuccessfulTest -->
  <testcase classname="com.assure.qa.testcases.LoginPageTest" name="VerifyloginUnsuccessfulMessageTest" time="0.039">
    <failure type="java.lang.IllegalArgumentException" message="Keys to send should be a not null CharSequence">
      <![CDATA[java.lang.IllegalArgumentException: Keys to send should be a not null CharSequence
at org.openqa.selenium.remote.RemoteWebElement.sendKeys(RemoteWebElement.java:97)
at org.openqa.selenium.support.events.EventFiringWebDriver$EventFiringWebElement.lambda$new$0(EventFiringWebDriver.java:404)
at com.sun.proxy.$Proxy17.sendKeys(Unknown Source)
at org.openqa.selenium.support.events.EventFiringWebDriver$EventFiringWebElement.sendKeys(EventFiringWebDriver.java:429)
at org.openqa.selenium.support.pagefactory.internal.LocatingElementHandler.invoke(LocatingElementHandler.java:51)
at com.sun.proxy.$Proxy15.sendKeys(Unknown Source)
at com.assure.qa.pages.LoginPage.LoginUnsuccessfull(LoginPage.java:138)
at com.assure.qa.testcases.LoginPageTest.VerifyloginUnsuccessfulMessageTest(LoginPageTest.java:92)
... Removed 33 stack frames]]>
    </failure>
  </testcase> <!-- VerifyloginUnsuccessfulMessageTest -->
  <testcase classname="com.assure.qa.testcases.LoginPageTest" name="VerifyButtonNames" time="5.69">
    <failure type="java.lang.AssertionError" message="The following asserts failed:
	lists don&amp;apos;t have the same size expected [1] but found [30]">
      <![CDATA[java.lang.AssertionError: The following asserts failed:
lists don't have the same size expected [1] but found [30]
at com.assure.qa.testcases.LoginPageTest.VerifyButtonNames(LoginPageTest.java:148)
... Removed 26 stack frames]]>
    </failure>
  </testcase> <!-- VerifyButtonNames -->
  <testcase classname="com.assure.qa.testcases.LoginPageTest" name="VerifySectionNames" time="3.022">
    <failure type="java.lang.AssertionError" message="The following asserts failed:
	lists don&amp;apos;t have the same size expected [1] but found [2]">
      <![CDATA[java.lang.AssertionError: The following asserts failed:
lists don't have the same size expected [1] but found [2]
at com.assure.qa.testcases.LoginPageTest.VerifySectionNames(LoginPageTest.java:116)
... Removed 26 stack frames]]>
    </failure>
  </testcase> <!-- VerifySectionNames -->
</testsuite> <!-- Test5 -->
